<?xml version="1.0" encoding="UTF-8"?>
<testng-results ignored="0" total="1" passed="1" failed="0" skipped="0">
  <reporter-output>
  </reporter-output>
  <suite started-at="2021-09-07T17:04:51 COT" name="Default suite" finished-at="2021-09-07T17:05:09 COT" duration-ms="17392">
    <groups>
    </groups>
    <test started-at="2021-09-07T17:04:51 COT" name="Default test" finished-at="2021-09-07T17:05:09 COT" duration-ms="17392">
      <class name="com.automatizacion.test.AutenticacionTest$LoginTest">
        <test-method is-config="true" signature="setup()[pri:0, instance:com.automatizacion.test.AutenticacionTest$LoginTest@f736069]" started-at="2021-09-07T17:04:51 COT" name="setup" finished-at="2021-09-07T17:05:00 COT" duration-ms="8586" status="PASS">
          <reporter-output>
          </reporter-output>
        </test-method> <!-- setup -->
        <test-method signature="LoginPage()[pri:0, instance:com.automatizacion.test.AutenticacionTest$LoginTest@f736069]" started-at="2021-09-07T17:05:00 COT" name="LoginPage" finished-at="2021-09-07T17:05:08 COT" duration-ms="7548" status="PASS">
          <reporter-output>
          </reporter-output>
        </test-method> <!-- LoginPage -->
        <test-method is-config="true" signature="cerrarNavegador()[pri:0, instance:com.automatizacion.test.AutenticacionTest$LoginTest@f736069]" started-at="2021-09-07T17:05:08 COT" name="cerrarNavegador" finished-at="2021-09-07T17:05:09 COT" duration-ms="1201" status="PASS">
          <reporter-output>
          </reporter-output>
        </test-method> <!-- cerrarNavegador -->
      </class> <!-- com.automatizacion.test.AutenticacionTest$LoginTest -->
    </test> <!-- Default test -->
  </suite> <!-- Default suite -->
</testng-results>
