<?xml version="1.0" encoding="UTF-8"?>
<!-- Generated by org.testng.reporters.JUnitReportReporter -->
<testsuite hostname="DESKTOP-P1L3V8E" failures="0" tests="1" name="com.automatizacion.test.AñadirAlCarritoDePrueba" time="8.841" errors="0" timestamp="2021-09-07T11:13:50 COT" skipped="0">
  <testcase classname="com.automatizacion.test.AñadirAlCarritoDePrueba" name="validateAñadiraLaPaginaDelCarrito" time="8.841"/>
  <system-out/>
</testsuite> <!-- com.automatizacion.test.AñadirAlCarritoDePrueba -->
